<?xml version="1.0" encoding="UTF-8"?>
<!-- Generated by org.testng.reporters.JUnitReportReporter -->
<testsuite hostname="CPU0021" name="EmulatorWeb.EmulatorWeb" tests="1" failures="0" timestamp="2 Jun 2017 10:17:00 GMT" time="2.701" errors="0">
  <testcase name="testSearchAppium" time="2.701" classname="EmulatorWeb.EmulatorWeb"/>
</testsuite> <!-- EmulatorWeb.EmulatorWeb -->
